<?xml version="1.0" encoding="UTF-8"?><testsuite errors="0" failures="1" name="Academy Choucair" skipped="0" tests="1" time="60.83" timestamp="2021-02-27 05:33:04"><testcase name="Search for a automation course"><failure message="Expected answer&#10;Expected: is &lt;true&gt;&#10;     but: was &lt;false&gt;" type="java.lang.AssertionError">Expected answer
Expected: is &lt;true&gt;
     but: was &lt;false&gt;</failure><system-err>Expected answer
Expected: is &lt;true&gt;
     but: was &lt;false&gt;&#13;
co.com.choucair.certification.academy.stepdefinitions.ChoucairAcademyStepDefinitions.heFindsTheCourseCalledResourcesRecursosAutomatizacionBancolombia(ChoucairAcademyStepDefinitions.java:35)&#13;
✽.he finds the course called resources(src/test/resources/features/academyChoucair.feature:14)&#13;
</system-err></testcase></testsuite>